********************************************************************************
*                    Thursday, December 08, 2016 8:27:47 PM                    *
********************************************************************************
CSharpCompilerWrapper.exe version: 2.0.0.0
Platform: Windows
Target assembly: Assembly-CSharp-firstpass.dll
Project directory: D:\Documents\_PROG\_Unity\_Serpent
Unity 'Data' or 'Frameworks' directory: D:/Program Files/Unity/Editor/Data
Compiler: Microsoft C# 7.0

- Compilation -----------------------------------------------

Process: D:\Documents\_PROG\_Unity\_Serpent\CSharp70Support\Roslyn\csc.exe
Arguments: -nostdlib+ -noconfig -nologo -r:"D:/Program Files/Unity/Editor/Data\Mono/lib/mono/2.0/mscorlib.dll" -r:"D:/Program Files/Unity/Editor/Data\Mono/lib/mono/2.0/System.dll" -r:"D:/Program Files/Unity/Editor/Data\Mono/lib/mono/2.0/System.Core.dll" -r:"D:/Program Files/Unity/Editor/Data\Mono/lib/mono/2.0/System.Xml.dll" @Temp/UnityTempFile-e880cb36eb880f9478e2bf946834b842 
Exit code: 0
Elapsed time: 1.99 sec

- Compiler output (0 lines):

- Compiler errors (7 lines):
0: Assets\Standard Assets\Cameras\Scripts\LookatTarget.cs(22,42): warning CS0649: Field 'LookatTarget.m_RotationRange' is never assigned to, and will always have its default value
1: Assets\Standard Assets\Utility\SmoothFollow.cs(19,17): warning CS0649: Field 'SmoothFollow.rotationDamping' is never assigned to, and will always have its default value 0
2: Assets\Standard Assets\Utility\PlatformSpecificContent.cs(21,51): warning CS0649: Field 'PlatformSpecificContent.m_BuildTargetGroup' is never assigned to, and will always have its default value
3: Assets\Standard Assets\Utility\PlatformSpecificContent.cs(24,39): warning CS0649: Field 'PlatformSpecificContent.m_ChildrenOfThisObject' is never assigned to, and will always have its default value false
4: Assets\Standard Assets\Utility\SmoothFollow.cs(21,17): warning CS0649: Field 'SmoothFollow.heightDamping' is never assigned to, and will always have its default value 0
5: Assets\Standard Assets\Utility\SmoothFollow.cs(10,21): warning CS0649: Field 'SmoothFollow.target' is never assigned to, and will always have its default value null
6: Assets\Standard Assets\Utility\WaypointProgressTracker.cs(14,50): warning CS0649: Field 'WaypointProgressTracker.circuit' is never assigned to, and will always have its default value null

- PDB to MDB conversion --------------------------------------

Process: D:\Documents\_PROG\_Unity\_Serpent\CSharp70Support\Roslyn\pdb2mdb.exe
Arguments: Temp\Assembly-CSharp-firstpass.dll
Exit code: 0
Elapsed time: 0.10 sec

- pdb2mdb.exe output (0 lines):
********************************************************************************
*                    Thursday, December 08, 2016 8:27:50 PM                    *
********************************************************************************
CSharpCompilerWrapper.exe version: 2.0.0.0
Platform: Windows
Target assembly: Assembly-CSharp.dll
Project directory: D:\Documents\_PROG\_Unity\_Serpent
Unity 'Data' or 'Frameworks' directory: D:/Program Files/Unity/Editor/Data
Compiler: Microsoft C# 7.0

- Compilation -----------------------------------------------

Process: D:\Documents\_PROG\_Unity\_Serpent\CSharp70Support\Roslyn\csc.exe
Arguments: -nostdlib+ -noconfig -nologo -r:"D:/Program Files/Unity/Editor/Data\Mono/lib/mono/2.0/mscorlib.dll" -r:"D:/Program Files/Unity/Editor/Data\Mono/lib/mono/2.0/System.dll" -r:"D:/Program Files/Unity/Editor/Data\Mono/lib/mono/2.0/System.Core.dll" -r:"D:/Program Files/Unity/Editor/Data\Mono/lib/mono/2.0/System.Xml.dll" @Temp/UnityTempFile-18758923e63e69e41b37dd9c8bf5384a 
Exit code: 1
Elapsed time: 1.15 sec

- Compiler output (0 lines):

- Compiler errors (45 lines):
0: error CS2001: Source file 'D:\Documents\_PROG\_Unity\_Serpent\Assets/_Serpent/Scripts/AdsTest.cs' could not be found.
1: error CS2001: Source file 'D:\Documents\_PROG\_Unity\_Serpent\Assets/_Serpent/Scripts/CircularBuffer.cs' could not be found.
2: error CS2001: Source file 'D:\Documents\_PROG\_Unity\_Serpent\Assets/_Serpent/Scripts/DebugUtils.cs' could not be found.
3: error CS2001: Source file 'D:\Documents\_PROG\_Unity\_Serpent\Assets/_Serpent/Scripts/FoodPointer.cs' could not be found.
4: error CS2001: Source file 'D:\Documents\_PROG\_Unity\_Serpent\Assets/_Serpent/Scripts/Gameplay/CameraFollow.cs' could not be found.
5: error CS2001: Source file 'D:\Documents\_PROG\_Unity\_Serpent\Assets/_Serpent/Scripts/Gameplay/Coin.cs' could not be found.
6: error CS2001: Source file 'D:\Documents\_PROG\_Unity\_Serpent\Assets/_Serpent/Scripts/Gameplay/CoinGroup.cs' could not be found.
7: error CS2001: Source file 'D:\Documents\_PROG\_Unity\_Serpent\Assets/_Serpent/Scripts/Gameplay/FoodSpawner.cs' could not be found.
8: error CS2001: Source file 'D:\Documents\_PROG\_Unity\_Serpent\Assets/_Serpent/Scripts/Gameplay/LevelLogic.cs' could not be found.
9: error CS2001: Source file 'D:\Documents\_PROG\_Unity\_Serpent\Assets/_Serpent/Scripts/Gameplay/OrbitalCamera.cs' could not be found.
10: error CS2001: Source file 'D:\Documents\_PROG\_Unity\_Serpent\Assets/_Serpent/Scripts/LevelInstaller.cs' could not be found.
11: error CS2001: Source file 'D:\Documents\_PROG\_Unity\_Serpent\Assets/_Serpent/Scripts/LevelSurface.cs' could not be found.
12: error CS2001: Source file 'D:\Documents\_PROG\_Unity\_Serpent\Assets/_Serpent/Scripts/MathUtils.cs' could not be found.
13: error CS2001: Source file 'D:\Documents\_PROG\_Unity\_Serpent\Assets/_Serpent/Scripts/MeshDataContainers.cs' could not be found.
14: error CS2001: Source file 'D:\Documents\_PROG\_Unity\_Serpent\Assets/_Serpent/Scripts/MeshIndex.cs' could not be found.
15: error CS2001: Source file 'D:\Documents\_PROG\_Unity\_Serpent\Assets/_Serpent/Scripts/MeshUtils.cs' could not be found.
16: error CS2001: Source file 'D:\Documents\_PROG\_Unity\_Serpent\Assets/_Serpent/Scripts/PauseManager.cs' could not be found.
17: error CS2001: Source file 'D:\Documents\_PROG\_Unity\_Serpent\Assets/_Serpent/Scripts/Planet/CubemapProjections.cs' could not be found.
18: error CS2001: Source file 'D:\Documents\_PROG\_Unity\_Serpent\Assets/_Serpent/Scripts/Planet/Icosphere.cs' could not be found.
19: error CS2001: Source file 'D:\Documents\_PROG\_Unity\_Serpent\Assets/_Serpent/Scripts/Planet/PlanetLevel.cs' could not be found.
20: error CS2001: Source file 'D:\Documents\_PROG\_Unity\_Serpent\Assets/_Serpent/Scripts/Planet/PlanetSurfaceBuilder.cs' could not be found.
21: error CS2001: Source file 'D:\Documents\_PROG\_Unity\_Serpent\Assets/_Serpent/Scripts/Rotator.cs' could not be found.
22: error CS2001: Source file 'D:\Documents\_PROG\_Unity\_Serpent\Assets/_Serpent/Scripts/SelectionBaseMarker.cs' could not be found.
23: error CS2001: Source file 'D:\Documents\_PROG\_Unity\_Serpent\Assets/_Serpent/Scripts/Snake (old)/GrowController.cs' could not be found.
24: error CS2001: Source file 'D:\Documents\_PROG\_Unity\_Serpent\Assets/_Serpent/Scripts/Snake (old)/MeshWalker.cs' could not be found.
25: error CS2001: Source file 'D:\Documents\_PROG\_Unity\_Serpent\Assets/_Serpent/Scripts/Snake (old)/MovementController.cs' could not be found.
26: error CS2001: Source file 'D:\Documents\_PROG\_Unity\_Serpent\Assets/_Serpent/Scripts/Snake (old)/PatchedSnakeMesh.cs' could not be found.
27: error CS2001: Source file 'D:\Documents\_PROG\_Unity\_Serpent\Assets/_Serpent/Scripts/Snake (old)/SnakeEyes.cs' could not be found.
28: error CS2001: Source file 'D:\Documents\_PROG\_Unity\_Serpent\Assets/_Serpent/Scripts/Snake (old)/SnakeHead.cs' could not be found.
29: error CS2001: Source file 'D:\Documents\_PROG\_Unity\_Serpent\Assets/_Serpent/Scripts/Snake (old)/SnakeKernel.cs' could not be found.
30: error CS2001: Source file 'D:\Documents\_PROG\_Unity\_Serpent\Assets/_Serpent/Scripts/Snake (old)/SnakeMesh.cs' could not be found.
31: error CS2001: Source file 'D:\Documents\_PROG\_Unity\_Serpent\Assets/_Serpent/Scripts/Snake/ContinuousPath.cs' could not be found.
32: error CS2001: Source file 'D:\Documents\_PROG\_Unity\_Serpent\Assets/_Serpent/Scripts/Snake/IntegerPath.cs' could not be found.
33: error CS2001: Source file 'D:\Documents\_PROG\_Unity\_Serpent\Assets/_Serpent/Scripts/Snake/SnakeBody.cs' could not be found.
34: error CS2001: Source file 'D:\Documents\_PROG\_Unity\_Serpent\Assets/_Serpent/Scripts/UI/FpsDisplay.cs' could not be found.
35: error CS2001: Source file 'D:\Documents\_PROG\_Unity\_Serpent\Assets/_Serpent/Scripts/UI/Joystick.cs' could not be found.
36: error CS2001: Source file 'D:\Documents\_PROG\_Unity\_Serpent\Assets/_Serpent/Scripts/UI/PersistentInputField.cs' could not be found.
37: error CS2001: Source file 'D:\Documents\_PROG\_Unity\_Serpent\Assets/_Serpent/Scripts/UI/ScreenManager.cs' could not be found.
38: error CS2001: Source file 'D:\Documents\_PROG\_Unity\_Serpent\Assets/_Serpent/Scripts/UI/TiledBackground.cs' could not be found.
39: error CS2001: Source file 'D:\Documents\_PROG\_Unity\_Serpent\Assets/_Serpent/Scripts/UnityUtils.cs' could not be found.
40: error CS2001: Source file 'D:\Documents\_PROG\_Unity\_Serpent\Assets/_Serpent/Scripts/ValueTransform.cs' could not be found.
41: error CS2001: Source file 'D:\Documents\_PROG\_Unity\_Serpent\Assets/_Serpent/Scripts/_Template.cs' could not be found.
42: error CS2001: Source file 'D:\Documents\_PROG\_Unity\_Serpent\Assets/_Serpent/Scripts/_Testbeds/LineToPointDistanceTest.cs' could not be found.
43: error CS2001: Source file 'D:\Documents\_PROG\_Unity\_Serpent\Assets/_Serpent/Scripts/_Testbeds/MeshWalkerTest.cs' could not be found.
44: error CS2001: Source file 'D:\Documents\_PROG\_Unity\_Serpent\Assets/_Serpent/Scripts/_Testbeds/MeshWalkerTestInstaller.cs' could not be found.
********************************************************************************
*                    Thursday, December 08, 2016 8:27:50 PM                    *
********************************************************************************
CSharpCompilerWrapper.exe version: 2.0.0.0
Platform: Windows
Target assembly: Assembly-CSharp-Editor-firstpass.dll
Project directory: D:\Documents\_PROG\_Unity\_Serpent
Unity 'Data' or 'Frameworks' directory: D:/Program Files/Unity/Editor/Data
Compiler: Microsoft C# 7.0

- Compilation -----------------------------------------------

Process: D:\Documents\_PROG\_Unity\_Serpent\CSharp70Support\Roslyn\csc.exe
Arguments: -nostdlib+ -noconfig -nologo -r:"D:/Program Files/Unity/Editor/Data\Mono/lib/mono/2.0/mscorlib.dll" -r:"D:/Program Files/Unity/Editor/Data\Mono/lib/mono/2.0/System.dll" -r:"D:/Program Files/Unity/Editor/Data\Mono/lib/mono/2.0/System.Core.dll" -r:"D:/Program Files/Unity/Editor/Data\Mono/lib/mono/2.0/System.Xml.dll" @Temp/UnityTempFile-9fd8b9d669a35f04593a04afbaeda2f9 
Exit code: 0
Elapsed time: 1.87 sec

- Compiler output (0 lines):

- Compiler errors (0 lines):

- PDB to MDB conversion --------------------------------------

Process: D:\Documents\_PROG\_Unity\_Serpent\CSharp70Support\Roslyn\pdb2mdb.exe
Arguments: Temp\Assembly-CSharp-Editor-firstpass.dll
Exit code: 0
Elapsed time: 0.08 sec

- pdb2mdb.exe output (0 lines):
********************************************************************************
*                    Thursday, December 08, 2016 8:27:59 PM                    *
********************************************************************************
CSharpCompilerWrapper.exe version: 2.0.0.0
Platform: Windows
Target assembly: Assembly-CSharp-firstpass.dll
Project directory: D:\Documents\_PROG\_Unity\_Serpent
Unity 'Data' or 'Frameworks' directory: D:/Program Files/Unity/Editor/Data
Compiler: Microsoft C# 7.0

- Compilation -----------------------------------------------

Process: D:\Documents\_PROG\_Unity\_Serpent\CSharp70Support\Roslyn\csc.exe
Arguments: -nostdlib+ -noconfig -nologo -r:"D:/Program Files/Unity/Editor/Data\Mono/lib/mono/2.0/mscorlib.dll" -r:"D:/Program Files/Unity/Editor/Data\Mono/lib/mono/2.0/System.dll" -r:"D:/Program Files/Unity/Editor/Data\Mono/lib/mono/2.0/System.Core.dll" -r:"D:/Program Files/Unity/Editor/Data\Mono/lib/mono/2.0/System.Xml.dll" @Temp/UnityTempFile-4953af18054b9444db0529dc24ecdbe2 
Exit code: 0
Elapsed time: 2.21 sec

- Compiler output (0 lines):

- Compiler errors (7 lines):
0: Assets\Standard Assets\Utility\SmoothFollow.cs(21,17): warning CS0649: Field 'SmoothFollow.heightDamping' is never assigned to, and will always have its default value 0
1: Assets\Standard Assets\Cameras\Scripts\LookatTarget.cs(22,42): warning CS0649: Field 'LookatTarget.m_RotationRange' is never assigned to, and will always have its default value
2: Assets\Standard Assets\Utility\SmoothFollow.cs(10,21): warning CS0649: Field 'SmoothFollow.target' is never assigned to, and will always have its default value null
3: Assets\Standard Assets\Utility\SmoothFollow.cs(19,17): warning CS0649: Field 'SmoothFollow.rotationDamping' is never assigned to, and will always have its default value 0
4: Assets\Standard Assets\Utility\PlatformSpecificContent.cs(24,39): warning CS0649: Field 'PlatformSpecificContent.m_ChildrenOfThisObject' is never assigned to, and will always have its default value false
5: Assets\Standard Assets\Utility\PlatformSpecificContent.cs(21,51): warning CS0649: Field 'PlatformSpecificContent.m_BuildTargetGroup' is never assigned to, and will always have its default value
6: Assets\Standard Assets\Utility\WaypointProgressTracker.cs(14,50): warning CS0649: Field 'WaypointProgressTracker.circuit' is never assigned to, and will always have its default value null

- PDB to MDB conversion --------------------------------------

Process: D:\Documents\_PROG\_Unity\_Serpent\CSharp70Support\Roslyn\pdb2mdb.exe
Arguments: Temp\Assembly-CSharp-firstpass.dll
Exit code: 0
Elapsed time: 0.10 sec

- pdb2mdb.exe output (0 lines):
********************************************************************************
*                    Thursday, December 08, 2016 8:28:23 PM                    *
********************************************************************************
CSharpCompilerWrapper.exe version: 2.0.0.0
Platform: Windows
Target assembly: Assembly-CSharp-firstpass.dll
Project directory: D:\Documents\_PROG\_Unity\_Serpent
Unity 'Data' or 'Frameworks' directory: D:/Program Files/Unity/Editor/Data
Compiler: Microsoft C# 7.0

- Compilation -----------------------------------------------

Process: D:\Documents\_PROG\_Unity\_Serpent\CSharp70Support\Roslyn\csc.exe
Arguments: -nostdlib+ -noconfig -nologo -r:"D:/Program Files/Unity/Editor/Data\Mono/lib/mono/2.0/mscorlib.dll" -r:"D:/Program Files/Unity/Editor/Data\Mono/lib/mono/2.0/System.dll" -r:"D:/Program Files/Unity/Editor/Data\Mono/lib/mono/2.0/System.Core.dll" -r:"D:/Program Files/Unity/Editor/Data\Mono/lib/mono/2.0/System.Xml.dll" @Temp/UnityTempFile-12e0ba9c48beb0f41baf8b68e3f270a5 
Exit code: 0
Elapsed time: 3.40 sec

- Compiler output (0 lines):

- Compiler errors (7 lines):
0: Assets\Standard Assets\Utility\SmoothFollow.cs(21,17): warning CS0649: Field 'SmoothFollow.heightDamping' is never assigned to, and will always have its default value 0
1: Assets\Standard Assets\Utility\PlatformSpecificContent.cs(24,39): warning CS0649: Field 'PlatformSpecificContent.m_ChildrenOfThisObject' is never assigned to, and will always have its default value false
2: Assets\Standard Assets\Cameras\Scripts\LookatTarget.cs(22,42): warning CS0649: Field 'LookatTarget.m_RotationRange' is never assigned to, and will always have its default value
3: Assets\Standard Assets\Utility\WaypointProgressTracker.cs(14,50): warning CS0649: Field 'WaypointProgressTracker.circuit' is never assigned to, and will always have its default value null
4: Assets\Standard Assets\Utility\SmoothFollow.cs(19,17): warning CS0649: Field 'SmoothFollow.rotationDamping' is never assigned to, and will always have its default value 0
5: Assets\Standard Assets\Utility\PlatformSpecificContent.cs(21,51): warning CS0649: Field 'PlatformSpecificContent.m_BuildTargetGroup' is never assigned to, and will always have its default value
6: Assets\Standard Assets\Utility\SmoothFollow.cs(10,21): warning CS0649: Field 'SmoothFollow.target' is never assigned to, and will always have its default value null

- PDB to MDB conversion --------------------------------------

Process: D:\Documents\_PROG\_Unity\_Serpent\CSharp70Support\Roslyn\pdb2mdb.exe
Arguments: Temp\Assembly-CSharp-firstpass.dll
Exit code: 0
Elapsed time: 0.14 sec

- pdb2mdb.exe output (0 lines):
********************************************************************************
*                    Thursday, December 08, 2016 8:28:28 PM                    *
********************************************************************************
CSharpCompilerWrapper.exe version: 2.0.0.0
Platform: Windows
Target assembly: Assembly-CSharp.dll
Project directory: D:\Documents\_PROG\_Unity\_Serpent
Unity 'Data' or 'Frameworks' directory: D:/Program Files/Unity/Editor/Data
Compiler: Microsoft C# 7.0

- Compilation -----------------------------------------------

Process: D:\Documents\_PROG\_Unity\_Serpent\CSharp70Support\Roslyn\csc.exe
Arguments: -nostdlib+ -noconfig -nologo -r:"D:/Program Files/Unity/Editor/Data\Mono/lib/mono/2.0/mscorlib.dll" -r:"D:/Program Files/Unity/Editor/Data\Mono/lib/mono/2.0/System.dll" -r:"D:/Program Files/Unity/Editor/Data\Mono/lib/mono/2.0/System.Core.dll" -r:"D:/Program Files/Unity/Editor/Data\Mono/lib/mono/2.0/System.Xml.dll" @Temp/UnityTempFile-f8d6d5c4db2782d40ac5b10ef12f3385 
Exit code: 0
Elapsed time: 6.01 sec

- Compiler output (0 lines):

- Compiler errors (0 lines):

- PDB to MDB conversion --------------------------------------

Process: D:\Documents\_PROG\_Unity\_Serpent\CSharp70Support\Roslyn\pdb2mdb.exe
Arguments: Temp\Assembly-CSharp.dll
Exit code: 0
Elapsed time: 0.22 sec

- pdb2mdb.exe output (0 lines):
********************************************************************************
*                    Thursday, December 08, 2016 8:28:28 PM                    *
********************************************************************************
CSharpCompilerWrapper.exe version: 2.0.0.0
Platform: Windows
Target assembly: Assembly-CSharp-Editor-firstpass.dll
Project directory: D:\Documents\_PROG\_Unity\_Serpent
Unity 'Data' or 'Frameworks' directory: D:/Program Files/Unity/Editor/Data
Compiler: Microsoft C# 7.0

- Compilation -----------------------------------------------

Process: D:\Documents\_PROG\_Unity\_Serpent\CSharp70Support\Roslyn\csc.exe
Arguments: -nostdlib+ -noconfig -nologo -r:"D:/Program Files/Unity/Editor/Data\Mono/lib/mono/2.0/mscorlib.dll" -r:"D:/Program Files/Unity/Editor/Data\Mono/lib/mono/2.0/System.dll" -r:"D:/Program Files/Unity/Editor/Data\Mono/lib/mono/2.0/System.Core.dll" -r:"D:/Program Files/Unity/Editor/Data\Mono/lib/mono/2.0/System.Xml.dll" @Temp/UnityTempFile-3b1ec45af253c3b47a30a2cbf82bb88e 
Exit code: 0
Elapsed time: 3.00 sec

- Compiler output (0 lines):

- Compiler errors (0 lines):

- PDB to MDB conversion --------------------------------------

Process: D:\Documents\_PROG\_Unity\_Serpent\CSharp70Support\Roslyn\pdb2mdb.exe
Arguments: Temp\Assembly-CSharp-Editor-firstpass.dll
Exit code: 0
Elapsed time: 0.55 sec

- pdb2mdb.exe output (0 lines):
********************************************************************************
*                    Thursday, December 08, 2016 8:28:36 PM                    *
********************************************************************************
CSharpCompilerWrapper.exe version: 2.0.0.0
Platform: Windows
Target assembly: Assembly-CSharp-Editor.dll
Project directory: D:\Documents\_PROG\_Unity\_Serpent
Unity 'Data' or 'Frameworks' directory: D:/Program Files/Unity/Editor/Data
Compiler: Microsoft C# 7.0

- Compilation -----------------------------------------------

Process: D:\Documents\_PROG\_Unity\_Serpent\CSharp70Support\Roslyn\csc.exe
Arguments: -nostdlib+ -noconfig -nologo -r:"D:/Program Files/Unity/Editor/Data\Mono/lib/mono/2.0/mscorlib.dll" -r:"D:/Program Files/Unity/Editor/Data\Mono/lib/mono/2.0/System.dll" -r:"D:/Program Files/Unity/Editor/Data\Mono/lib/mono/2.0/System.Core.dll" -r:"D:/Program Files/Unity/Editor/Data\Mono/lib/mono/2.0/System.Xml.dll" @Temp/UnityTempFile-82aca0d6f1f36a7469e73828a9133ec5 
Exit code: 1
Elapsed time: 1.12 sec

- Compiler output (0 lines):

- Compiler errors (1 line):
0: Assets\_Serpent\Editor\UnitTests\IntegerPathTest.cs(11,17): error CS0246: The type or namespace name 'IntegerPath<>' could not be found (are you missing a using directive or an assembly reference?)
********************************************************************************
*                    Thursday, December 08, 2016 8:30:09 PM                    *
********************************************************************************
CSharpCompilerWrapper.exe version: 2.0.0.0
Platform: Windows
Target assembly: Assembly-CSharp.dll
Project directory: D:\Documents\_PROG\_Unity\_Serpent
Unity 'Data' or 'Frameworks' directory: D:/Program Files/Unity/Editor/Data
Compiler: Microsoft C# 7.0

- Compilation -----------------------------------------------

Process: D:\Documents\_PROG\_Unity\_Serpent\CSharp70Support\Roslyn\csc.exe
Arguments: -nostdlib+ -noconfig -nologo -r:"D:/Program Files/Unity/Editor/Data\Mono/lib/mono/2.0/mscorlib.dll" -r:"D:/Program Files/Unity/Editor/Data\Mono/lib/mono/2.0/System.dll" -r:"D:/Program Files/Unity/Editor/Data\Mono/lib/mono/2.0/System.Core.dll" -r:"D:/Program Files/Unity/Editor/Data\Mono/lib/mono/2.0/System.Xml.dll" @Temp/UnityTempFile-1732930af2678644ebf09c915d327031 
Exit code: 1
Elapsed time: 3.80 sec

- Compiler output (0 lines):

- Compiler errors (2 lines):
0: Assets\_Serpent\Scripts\Planet\Icosphere.cs(102,13): error CS0619: 'Mesh.Optimize()' is obsolete: 'This method is no longer supported (UnityUpgradable)'
1: Assets\_Serpent\Scripts\Planet\PlanetSurfaceBuilder.cs(82,13): error CS0619: 'Mesh.Optimize()' is obsolete: 'This method is no longer supported (UnityUpgradable)'
********************************************************************************
*                    Thursday, December 08, 2016 8:30:35 PM                    *
********************************************************************************
CSharpCompilerWrapper.exe version: 2.0.0.0
Platform: Windows
Target assembly: Assembly-CSharp.dll
Project directory: D:\Documents\_PROG\_Unity\_Serpent
Unity 'Data' or 'Frameworks' directory: D:/Program Files/Unity/Editor/Data
Compiler: Microsoft C# 7.0

- Compilation -----------------------------------------------

Process: D:\Documents\_PROG\_Unity\_Serpent\CSharp70Support\Roslyn\csc.exe
Arguments: -nostdlib+ -noconfig -nologo -r:"D:/Program Files/Unity/Editor/Data\Mono/lib/mono/2.0/mscorlib.dll" -r:"D:/Program Files/Unity/Editor/Data\Mono/lib/mono/2.0/System.dll" -r:"D:/Program Files/Unity/Editor/Data\Mono/lib/mono/2.0/System.Core.dll" -r:"D:/Program Files/Unity/Editor/Data\Mono/lib/mono/2.0/System.Xml.dll" @Temp/UnityTempFile-0240dc40534057f4287ab040d7fd7fff 
Exit code: 1
Elapsed time: 3.29 sec

- Compiler output (0 lines):

- Compiler errors (2 lines):
0: Assets\_Serpent\Scripts\Planet\PlanetSurfaceBuilder.cs(82,13): error CS0619: 'Mesh.Optimize()' is obsolete: 'This method is no longer supported (UnityUpgradable)'
1: Assets\_Serpent\Scripts\Planet\Icosphere.cs(102,13): error CS0619: 'Mesh.Optimize()' is obsolete: 'This method is no longer supported (UnityUpgradable)'
********************************************************************************
*                    Thursday, December 08, 2016 8:31:21 PM                    *
********************************************************************************
CSharpCompilerWrapper.exe version: 2.0.0.0
Platform: Windows
Target assembly: Assembly-CSharp.dll
Project directory: D:\Documents\_PROG\_Unity\_Serpent
Unity 'Data' or 'Frameworks' directory: D:/Program Files/Unity/Editor/Data
Compiler: Microsoft C# 7.0

- Compilation -----------------------------------------------

Process: D:\Documents\_PROG\_Unity\_Serpent\CSharp70Support\Roslyn\csc.exe
Arguments: -nostdlib+ -noconfig -nologo -r:"D:/Program Files/Unity/Editor/Data\Mono/lib/mono/2.0/mscorlib.dll" -r:"D:/Program Files/Unity/Editor/Data\Mono/lib/mono/2.0/System.dll" -r:"D:/Program Files/Unity/Editor/Data\Mono/lib/mono/2.0/System.Core.dll" -r:"D:/Program Files/Unity/Editor/Data\Mono/lib/mono/2.0/System.Xml.dll" @Temp/UnityTempFile-3b978b8dedcc0a7478f54c2d30f8f31d 
Exit code: 1
Elapsed time: 3.20 sec

- Compiler output (0 lines):

- Compiler errors (2 lines):
0: Assets\_Serpent\Scripts\Planet\PlanetSurfaceBuilder.cs(82,13): error CS0619: 'Mesh.Optimize()' is obsolete: 'This method is no longer supported (UnityUpgradable)'
1: Assets\_Serpent\Scripts\Planet\Icosphere.cs(102,13): error CS0619: 'Mesh.Optimize()' is obsolete: 'This method is no longer supported (UnityUpgradable)'
********************************************************************************
*                    Thursday, December 08, 2016 8:31:30 PM                    *
********************************************************************************
CSharpCompilerWrapper.exe version: 2.0.0.0
Platform: Windows
Target assembly: Assembly-CSharp.dll
Project directory: D:\Documents\_PROG\_Unity\_Serpent
Unity 'Data' or 'Frameworks' directory: D:/Program Files/Unity/Editor/Data
Compiler: Microsoft C# 7.0

- Compilation -----------------------------------------------

Process: D:\Documents\_PROG\_Unity\_Serpent\CSharp70Support\Roslyn\csc.exe
Arguments: -nostdlib+ -noconfig -nologo -r:"D:/Program Files/Unity/Editor/Data\Mono/lib/mono/2.0/mscorlib.dll" -r:"D:/Program Files/Unity/Editor/Data\Mono/lib/mono/2.0/System.dll" -r:"D:/Program Files/Unity/Editor/Data\Mono/lib/mono/2.0/System.Core.dll" -r:"D:/Program Files/Unity/Editor/Data\Mono/lib/mono/2.0/System.Xml.dll" @Temp/UnityTempFile-48251efddd9108240b2476ce44ee2703 
Exit code: 1
Elapsed time: 3.36 sec

- Compiler output (0 lines):

- Compiler errors (2 lines):
0: Assets\_Serpent\Scripts\Planet\Icosphere.cs(102,13): error CS0619: 'Mesh.Optimize()' is obsolete: 'This method is no longer supported (UnityUpgradable)'
1: Assets\_Serpent\Scripts\Planet\PlanetSurfaceBuilder.cs(82,13): error CS0619: 'Mesh.Optimize()' is obsolete: 'This method is no longer supported (UnityUpgradable)'
********************************************************************************
*                    Thursday, December 08, 2016 8:34:49 PM                    *
********************************************************************************
CSharpCompilerWrapper.exe version: 2.0.0.0
Platform: Windows
Target assembly: Assembly-CSharp.dll
Project directory: D:\Documents\_PROG\_Unity\_Serpent
Unity 'Data' or 'Frameworks' directory: D:/Program Files/Unity/Editor/Data
Compiler: Microsoft C# 7.0

- Compilation -----------------------------------------------

Process: D:\Documents\_PROG\_Unity\_Serpent\CSharp70Support\Roslyn\csc.exe
Arguments: -nostdlib+ -noconfig -nologo -r:"D:/Program Files/Unity/Editor/Data\Mono/lib/mono/2.0/mscorlib.dll" -r:"D:/Program Files/Unity/Editor/Data\Mono/lib/mono/2.0/System.dll" -r:"D:/Program Files/Unity/Editor/Data\Mono/lib/mono/2.0/System.Core.dll" -r:"D:/Program Files/Unity/Editor/Data\Mono/lib/mono/2.0/System.Xml.dll" @Temp/UnityTempFile-e6d3127a0ffff5f4b81c93262dd6fb42 
Exit code: 0
Elapsed time: 4.31 sec

- Compiler output (0 lines):

- Compiler errors (0 lines):

- PDB to MDB conversion --------------------------------------

Process: D:\Documents\_PROG\_Unity\_Serpent\CSharp70Support\Roslyn\pdb2mdb.exe
Arguments: Temp\Assembly-CSharp.dll
Exit code: 0
Elapsed time: 0.24 sec

- pdb2mdb.exe output (0 lines):
********************************************************************************
*                    Thursday, December 08, 2016 8:34:55 PM                    *
********************************************************************************
CSharpCompilerWrapper.exe version: 2.0.0.0
Platform: Windows
Target assembly: Assembly-CSharp-Editor.dll
Project directory: D:\Documents\_PROG\_Unity\_Serpent
Unity 'Data' or 'Frameworks' directory: D:/Program Files/Unity/Editor/Data
Compiler: Microsoft C# 7.0

- Compilation -----------------------------------------------

Process: D:\Documents\_PROG\_Unity\_Serpent\CSharp70Support\Roslyn\csc.exe
Arguments: -nostdlib+ -noconfig -nologo -r:"D:/Program Files/Unity/Editor/Data\Mono/lib/mono/2.0/mscorlib.dll" -r:"D:/Program Files/Unity/Editor/Data\Mono/lib/mono/2.0/System.dll" -r:"D:/Program Files/Unity/Editor/Data\Mono/lib/mono/2.0/System.Core.dll" -r:"D:/Program Files/Unity/Editor/Data\Mono/lib/mono/2.0/System.Xml.dll" @Temp/UnityTempFile-984858b14b1b45c4a9eb4d760873023f 
Exit code: 0
Elapsed time: 2.25 sec

- Compiler output (0 lines):

- Compiler errors (1 line):
0: Assets\_ThirdParty\Zenject\Source\Editor\ZenMenuItems.cs(24,33): warning CS0618: 'SceneManager.GetAllScenes()' is obsolete: 'Use SceneManager.sceneCount and SceneManager.GetSceneAt(int index) to loop the all scenes instead.'

- PDB to MDB conversion --------------------------------------

Process: D:\Documents\_PROG\_Unity\_Serpent\CSharp70Support\Roslyn\pdb2mdb.exe
Arguments: Temp\Assembly-CSharp-Editor.dll
Exit code: 0
Elapsed time: 0.10 sec

- pdb2mdb.exe output (0 lines):
